<?xml version="1.0" encoding="UTF-8"?>
<Site BuildName="Linux-g++"
	BuildStamp="20231114-0953-Experimental"
	Name="mycomputer"
	Generator="ctest-3.16.3"
	CompilerName="/usr/local/cuda-10.0/bin/g++"
	CompilerVersion="7.5.0"
	OSName="Linux"
	Hostname="mycomputer"
	OSRelease="5.4.0-166-generic"
	OSVersion="#183-Ubuntu SMP Mon Oct 2 11:28:33 UTC 2023"
	OSPlatform="x86_64"
	Is64Bits="1"
	VendorString="GenuineIntel"
	VendorID="Intel Corporation"
	FamilyID="6"
	ModelID="60"
	ProcessorCacheSize="8192"
	NumberOfLogicalCPU="8"
	NumberOfPhysicalCPU="4"
	TotalVirtualMemory="2047"
	TotalPhysicalMemory="15956"
	LogicalProcessorsPerPhysical="2"
	ProcessorClockFrequency="1280.46"
	>
	<Testing>
		<StartDateTime>Nov 14 12:53 MSK</StartDateTime>
		<StartTestTime>1699955630</StartTestTime>
		<TestList/>
		<EndDateTime>Nov 14 12:53 MSK</EndDateTime>
		<EndTestTime>1699955630</EndTestTime>
		<ElapsedMinutes>0</ElapsedMinutes>
	</Testing>
</Site>
