<?xml version="1.0" encoding="UTF-8"?>
<Site BuildName="Linux-g++"
	BuildStamp="20231016-1151-Experimental"
	Name="mycomputer"
	Generator="ctest-3.16.3"
	CompilerName="/usr/local/cuda-10.0/bin/g++"
	CompilerVersion="7.5.0"
	OSName="Linux"
	Hostname="mycomputer"
	OSRelease="5.4.0-164-generic"
	OSVersion="#181-Ubuntu SMP Fri Sep 1 13:41:22 UTC 2023"
	OSPlatform="x86_64"
	Is64Bits="1"
	VendorString="GenuineIntel"
	VendorID="Intel Corporation"
	FamilyID="6"
	ModelID="60"
	ProcessorCacheSize="8192"
	NumberOfLogicalCPU="8"
	NumberOfPhysicalCPU="4"
	TotalVirtualMemory="2047"
	TotalPhysicalMemory="15956"
	LogicalProcessorsPerPhysical="2"
	ProcessorClockFrequency="1271.47"
	>
	<Testing>
		<StartDateTime>Oct 16 14:51 MSK</StartDateTime>
		<StartTestTime>1697457095</StartTestTime>
		<TestList/>
		<EndDateTime>Oct 16 14:51 MSK</EndDateTime>
		<EndTestTime>1697457095</EndTestTime>
		<ElapsedMinutes>0</ElapsedMinutes>
	</Testing>
</Site>
